<?xml version="1.0" encoding="UTF-8"?>
<robot generator="Robot 5.0.1 (Python 3.9.13 on win32)" generated="20220818 05:55:52.812" rpa="false" schemaversion="3">
<suite id="s1" name="browserInteraction" source="C:\Users\3423599\repos\local-misc\browserInteraction.robot">
<kw name="Log" library="BuiltIn" type="SETUP">
<arg>Inside Suite Setup</arg>
<doc>Logs the given message with the given level.</doc>
<msg timestamp="20220818 05:55:53.175" level="INFO">Inside Suite Setup</msg>
<status status="PASS" starttime="20220818 05:55:53.175" endtime="20220818 05:55:53.175"/>
</kw>
<test id="s1-t1" name="BrowserLaunch" line="20">
<kw name="Log" library="BuiltIn" type="SETUP">
<arg>Inside Test Setup</arg>
<doc>Logs the given message with the given level.</doc>
<msg timestamp="20220818 05:55:53.176" level="INFO">Inside Test Setup</msg>
<status status="PASS" starttime="20220818 05:55:53.176" endtime="20220818 05:55:53.176"/>
</kw>
<kw name="Log" library="BuiltIn">
<arg>!!! browser launch started !!!</arg>
<doc>Logs the given message with the given level.</doc>
<msg timestamp="20220818 05:55:53.178" level="INFO">!!! browser launch started !!!</msg>
<status status="PASS" starttime="20220818 05:55:53.178" endtime="20220818 05:55:53.178"/>
</kw>
<kw name="Go to Google">
<kw name="Open Browser" library="SeleniumLibrary">
<arg>${url}</arg>
<arg>${browser}</arg>
<doc>Opens a new browser instance to the optional ``url``.</doc>
<msg timestamp="20220818 05:55:53.179" level="INFO">Opening browser 'chrome' to base url 'https://google.com'.</msg>
<status status="PASS" starttime="20220818 05:55:53.179" endtime="20220818 05:55:56.495"/>
</kw>
<status status="PASS" starttime="20220818 05:55:53.178" endtime="20220818 05:55:56.495"/>
</kw>
<kw name="Log" library="BuiltIn">
<arg>!!! brower launch finished !!!</arg>
<doc>Logs the given message with the given level.</doc>
<msg timestamp="20220818 05:55:56.496" level="INFO">!!! brower launch finished !!!</msg>
<status status="PASS" starttime="20220818 05:55:56.496" endtime="20220818 05:55:56.496"/>
</kw>
<kw name="Log" library="BuiltIn" type="TEARDOWN">
<arg>Inside Test TearDown</arg>
<doc>Logs the given message with the given level.</doc>
<msg timestamp="20220818 05:55:56.497" level="INFO">Inside Test TearDown</msg>
<status status="PASS" starttime="20220818 05:55:56.496" endtime="20220818 05:55:56.497"/>
</kw>
<tag>Sanity</tag>
<status status="PASS" starttime="20220818 05:55:53.176" endtime="20220818 05:55:56.497"/>
</test>
<test id="s1-t2" name="SearchText" line="26">
<kw name="Log" library="BuiltIn" type="SETUP">
<arg>Inside Test Setup</arg>
<doc>Logs the given message with the given level.</doc>
<msg timestamp="20220818 05:55:56.499" level="INFO">Inside Test Setup</msg>
<status status="PASS" starttime="20220818 05:55:56.499" endtime="20220818 05:55:56.499"/>
</kw>
<kw name="Set Browser Implicit Wait" library="SeleniumLibrary">
<arg>5</arg>
<doc>Sets the implicit wait value used by Selenium.</doc>
<status status="PASS" starttime="20220818 05:55:56.499" endtime="20220818 05:55:56.502"/>
</kw>
<kw name="Input Text" library="SeleniumLibrary">
<arg>name=q</arg>
<arg>reddit soccer</arg>
<doc>Types the given ``text`` into the text field identified by ``locator``.</doc>
<msg timestamp="20220818 05:55:56.503" level="INFO">Typing text 'reddit soccer' into text field 'name=q'.</msg>
<status status="PASS" starttime="20220818 05:55:56.503" endtime="20220818 05:55:56.625"/>
</kw>
<kw name="Click Button" library="SeleniumLibrary">
<arg>name=btnK</arg>
<doc>Clicks the button identified by ``locator``.</doc>
<msg timestamp="20220818 05:55:56.626" level="INFO">Clicking button 'name=btnK'.</msg>
<status status="PASS" starttime="20220818 05:55:56.626" endtime="20220818 05:55:57.851"/>
</kw>
<kw name="Sleep" library="BuiltIn">
<arg>5</arg>
<doc>Pauses the test executed for the given time.</doc>
<msg timestamp="20220818 05:56:02.858" level="INFO">Slept 5 seconds</msg>
<status status="PASS" starttime="20220818 05:55:57.851" endtime="20220818 05:56:02.858"/>
</kw>
<kw name="Close Browser" library="SeleniumLibrary">
<doc>Closes the current browser.</doc>
<status status="PASS" starttime="20220818 05:56:02.858" endtime="20220818 05:56:05.304"/>
</kw>
<kw name="Log" library="BuiltIn" type="TEARDOWN">
<arg>Inside Test TearDown</arg>
<doc>Logs the given message with the given level.</doc>
<msg timestamp="20220818 05:56:05.306" level="INFO">Inside Test TearDown</msg>
<status status="PASS" starttime="20220818 05:56:05.305" endtime="20220818 05:56:05.306"/>
</kw>
<tag>Sanity2</tag>
<status status="PASS" starttime="20220818 05:55:56.498" endtime="20220818 05:56:05.307"/>
</test>
<kw name="Log" library="BuiltIn" type="TEARDOWN">
<arg>Inside Suite TearDown</arg>
<doc>Logs the given message with the given level.</doc>
<msg timestamp="20220818 05:56:05.314" level="INFO">Inside Suite TearDown</msg>
<status status="PASS" starttime="20220818 05:56:05.313" endtime="20220818 05:56:05.314"/>
</kw>
<status status="PASS" starttime="20220818 05:55:52.815" endtime="20220818 05:56:05.314"/>
</suite>
<statistics>
<total>
<stat pass="2" fail="0" skip="0">All Tests</stat>
</total>
<tag>
<stat pass="1" fail="0" skip="0">Sanity</stat>
<stat pass="1" fail="0" skip="0">Sanity2</stat>
</tag>
<suite>
<stat pass="2" fail="0" skip="0" id="s1" name="browserInteraction">browserInteraction</stat>
</suite>
</statistics>
<errors>
</errors>
</robot>
